C:\USERS\GARRY\DOCUMENTS\VISUAL STUDIO 2010\PROJECTS\CONQUEST\CONQUEST\DEBUG\ARCHER.OBJ
C:\USERS\GARRY\DOCUMENTS\VISUAL STUDIO 2010\PROJECTS\CONQUEST\CONQUEST\DEBUG\ARMOR.OBJ
c:\Users\Garry\documents\visual studio 2010\Projects\conquest\conquest\Debug\cl.command.1.tlog
c:\Users\Garry\documents\visual studio 2010\Projects\conquest\conquest\Debug\CL.read.1.tlog
c:\Users\Garry\documents\visual studio 2010\Projects\conquest\conquest\Debug\CL.write.1.tlog
c:\Users\Garry\documents\visual studio 2010\Projects\conquest\conquest\Debug\conquest.exe.intermediate.manifest
c:\Users\Garry\documents\visual studio 2010\Projects\conquest\conquest\Debug\conquest.write.1.tlog
C:\USERS\GARRY\DOCUMENTS\VISUAL STUDIO 2010\PROJECTS\CONQUEST\CONQUEST\DEBUG\DICT.OBJ
C:\USERS\GARRY\DOCUMENTS\VISUAL STUDIO 2010\PROJECTS\CONQUEST\CONQUEST\DEBUG\ENTITY.OBJ
C:\USERS\GARRY\DOCUMENTS\VISUAL STUDIO 2010\PROJECTS\CONQUEST\CONQUEST\DEBUG\GAME.OBJ
C:\USERS\GARRY\DOCUMENTS\VISUAL STUDIO 2010\PROJECTS\CONQUEST\CONQUEST\DEBUG\GRAPHICS.OBJ
C:\USERS\GARRY\DOCUMENTS\VISUAL STUDIO 2010\PROJECTS\CONQUEST\CONQUEST\DEBUG\GRUE.OBJ
C:\USERS\GARRY\DOCUMENTS\VISUAL STUDIO 2010\PROJECTS\CONQUEST\CONQUEST\DEBUG\HUD.OBJ
C:\USERS\GARRY\DOCUMENTS\VISUAL STUDIO 2010\PROJECTS\CONQUEST\CONQUEST\DEBUG\INVENTORY.OBJ
C:\USERS\GARRY\DOCUMENTS\VISUAL STUDIO 2010\PROJECTS\CONQUEST\CONQUEST\DEBUG\ITEMS.OBJ
C:\USERS\GARRY\DOCUMENTS\VISUAL STUDIO 2010\PROJECTS\CONQUEST\CONQUEST\DEBUG\JSON_PARSE.OBJ
c:\Users\Garry\documents\visual studio 2010\Projects\conquest\conquest\Debug\link.command.1.tlog
c:\Users\Garry\documents\visual studio 2010\Projects\conquest\conquest\Debug\link.read.1.tlog
c:\Users\Garry\documents\visual studio 2010\Projects\conquest\conquest\Debug\link.write.1.tlog
C:\USERS\GARRY\DOCUMENTS\VISUAL STUDIO 2010\PROJECTS\CONQUEST\CONQUEST\DEBUG\LOAD.OBJ
C:\USERS\GARRY\DOCUMENTS\VISUAL STUDIO 2010\PROJECTS\CONQUEST\CONQUEST\DEBUG\LTEXTURE.OBJ
C:\USERS\GARRY\DOCUMENTS\VISUAL STUDIO 2010\PROJECTS\CONQUEST\CONQUEST\DEBUG\MINOTAUR.OBJ
C:\USERS\GARRY\DOCUMENTS\VISUAL STUDIO 2010\PROJECTS\CONQUEST\CONQUEST\DEBUG\MONSTER_AI.OBJ
C:\USERS\GARRY\DOCUMENTS\VISUAL STUDIO 2010\PROJECTS\CONQUEST\CONQUEST\DEBUG\ORC.OBJ
C:\USERS\GARRY\DOCUMENTS\VISUAL STUDIO 2010\PROJECTS\CONQUEST\CONQUEST\DEBUG\PATH_FIND.OBJ
C:\USERS\GARRY\DOCUMENTS\VISUAL STUDIO 2010\PROJECTS\CONQUEST\CONQUEST\DEBUG\PLAYER.OBJ
C:\USERS\GARRY\DOCUMENTS\VISUAL STUDIO 2010\PROJECTS\CONQUEST\CONQUEST\DEBUG\SARA.OBJ
C:\USERS\GARRY\DOCUMENTS\VISUAL STUDIO 2010\PROJECTS\CONQUEST\CONQUEST\DEBUG\SAVE.OBJ
C:\USERS\GARRY\DOCUMENTS\VISUAL STUDIO 2010\PROJECTS\CONQUEST\CONQUEST\DEBUG\SIMPLE_LOGGER.OBJ
C:\USERS\GARRY\DOCUMENTS\VISUAL STUDIO 2010\PROJECTS\CONQUEST\CONQUEST\DEBUG\SPIDER.OBJ
C:\USERS\GARRY\DOCUMENTS\VISUAL STUDIO 2010\PROJECTS\CONQUEST\CONQUEST\DEBUG\SPRITE.OBJ
C:\USERS\GARRY\DOCUMENTS\VISUAL STUDIO 2010\PROJECTS\CONQUEST\CONQUEST\DEBUG\STRUCTURES.OBJ
C:\USERS\GARRY\DOCUMENTS\VISUAL STUDIO 2010\PROJECTS\CONQUEST\CONQUEST\DEBUG\SUPP_ANGEL.OBJ
C:\USERS\GARRY\DOCUMENTS\VISUAL STUDIO 2010\PROJECTS\CONQUEST\CONQUEST\DEBUG\SUPPORT_AI.OBJ
C:\USERS\GARRY\DOCUMENTS\VISUAL STUDIO 2010\PROJECTS\CONQUEST\CONQUEST\DEBUG\TILE.OBJ
C:\USERS\GARRY\DOCUMENTS\VISUAL STUDIO 2010\PROJECTS\CONQUEST\CONQUEST\DEBUG\TYPES.OBJ
c:\Users\Garry\documents\visual studio 2010\Projects\conquest\conquest\Debug\vc100.idb
C:\USERS\GARRY\DOCUMENTS\VISUAL STUDIO 2010\PROJECTS\CONQUEST\CONQUEST\DEBUG\VC100.PDB
C:\USERS\GARRY\DOCUMENTS\VISUAL STUDIO 2010\PROJECTS\CONQUEST\CONQUEST\DEBUG\VECTOR.OBJ
C:\USERS\GARRY\DOCUMENTS\VISUAL STUDIO 2010\PROJECTS\CONQUEST\CONQUEST\DEBUG\WEAPON.OBJ
c:\users\garry\documents\visual studio 2010\Projects\conquest\Debug\conquest.pdb
